Started GET "/" for ::1 at 2019-06-07 15:50:10 +0630
  [1m[35m (115.4ms)[0m  [1m[35mSET NAMES utf8,  @@SESSION.sql_mode = CONCAT(CONCAT(@@sql_mode, ',STRICT_ALL_TABLES'), ',NO_AUTO_VALUE_ON_ZERO'),  @@SESSION.sql_auto_is_null = 0, @@SESSION.wait_timeout = 2147483[0m
  ↳ C:/Ruby25/lib/ruby/gems/2.5.0/gems/activerecord-5.2.3/lib/active_record/log_subscriber.rb:98
  
ActiveRecord::PendingMigrationError (

Migrations are pending. To resolve this issue, run:

        bin/rails db:migrate RAILS_ENV=development

):
  
activerecord (5.2.3) lib/active_record/migration.rb:579:in `check_pending!'
activerecord (5.2.3) lib/active_record/migration.rb:556:in `call'
actionpack (5.2.3) lib/action_dispatch/middleware/callbacks.rb:28:in `block in call'
activesupport (5.2.3) lib/active_support/callbacks.rb:98:in `run_callbacks'
actionpack (5.2.3) lib/action_dispatch/middleware/callbacks.rb:26:in `call'
actionpack (5.2.3) lib/action_dispatch/middleware/executor.rb:14:in `call'
actionpack (5.2.3) lib/action_dispatch/middleware/debug_exceptions.rb:61:in `call'
web-console (3.7.0) lib/web_console/middleware.rb:135:in `call_app'
web-console (3.7.0) lib/web_console/middleware.rb:30:in `block in call'
web-console (3.7.0) lib/web_console/middleware.rb:20:in `catch'
web-console (3.7.0) lib/web_console/middleware.rb:20:in `call'
actionpack (5.2.3) lib/action_dispatch/middleware/show_exceptions.rb:33:in `call'
railties (5.2.3) lib/rails/rack/logger.rb:38:in `call_app'
railties (5.2.3) lib/rails/rack/logger.rb:26:in `block in call'
activesupport (5.2.3) lib/active_support/tagged_logging.rb:71:in `block in tagged'
activesupport (5.2.3) lib/active_support/tagged_logging.rb:28:in `tagged'
activesupport (5.2.3) lib/active_support/tagged_logging.rb:71:in `tagged'
railties (5.2.3) lib/rails/rack/logger.rb:26:in `call'
sprockets-rails (3.2.1) lib/sprockets/rails/quiet_assets.rb:13:in `call'
actionpack (5.2.3) lib/action_dispatch/middleware/remote_ip.rb:81:in `call'
actionpack (5.2.3) lib/action_dispatch/middleware/request_id.rb:27:in `call'
rack (2.0.7) lib/rack/method_override.rb:22:in `call'
rack (2.0.7) lib/rack/runtime.rb:22:in `call'
activesupport (5.2.3) lib/active_support/cache/strategy/local_cache_middleware.rb:29:in `call'
actionpack (5.2.3) lib/action_dispatch/middleware/executor.rb:14:in `call'
actionpack (5.2.3) lib/action_dispatch/middleware/static.rb:127:in `call'
rack (2.0.7) lib/rack/sendfile.rb:111:in `call'
railties (5.2.3) lib/rails/engine.rb:524:in `call'
puma (3.12.1) lib/puma/configuration.rb:227:in `call'
puma (3.12.1) lib/puma/server.rb:660:in `handle_request'
puma (3.12.1) lib/puma/server.rb:474:in `process_client'
puma (3.12.1) lib/puma/server.rb:334:in `block in run'
puma (3.12.1) lib/puma/thread_pool.rb:135:in `block in spawn_thread'
  [1m[35m (0.9ms)[0m  [1m[35mSET NAMES utf8,  @@SESSION.sql_mode = CONCAT(CONCAT(@@sql_mode, ',STRICT_ALL_TABLES'), ',NO_AUTO_VALUE_ON_ZERO'),  @@SESSION.sql_auto_is_null = 0, @@SESSION.wait_timeout = 2147483[0m
  ↳ bin/rails:4
  [1m[35m (235.1ms)[0m  [1m[35mCREATE TABLE `schema_migrations` (`version` varchar(255) NOT NULL PRIMARY KEY)[0m
  ↳ bin/rails:4
  [1m[35m (20.5ms)[0m  [1m[35mCREATE TABLE `ar_internal_metadata` (`key` varchar(255) NOT NULL PRIMARY KEY, `value` varchar(255), `created_at` datetime NOT NULL, `updated_at` datetime NOT NULL)[0m
  ↳ bin/rails:4
  [1m[35m (105.5ms)[0m  [1m[34mSELECT GET_LOCK('8142866602838226840', 0)[0m
  ↳ bin/rails:4
  [1m[35m (9.3ms)[0m  [1m[34mSELECT `schema_migrations`.`version` FROM `schema_migrations` ORDER BY `schema_migrations`.`version` ASC[0m
  ↳ bin/rails:4
Migrating to CreateHelloworldposts (20190607044227)
  [1m[35m (92.6ms)[0m  [1m[35mCREATE TABLE `helloworldposts` (`id` bigint NOT NULL AUTO_INCREMENT PRIMARY KEY, `title` varchar(255), `description` varchar(255), `created_at` datetime NOT NULL, `updated_at` datetime NOT NULL)[0m
  ↳ db/migrate/20190607044227_create_helloworldposts.rb:3
  [1m[35m (0.7ms)[0m  [1m[35mBEGIN[0m
  ↳ bin/rails:4
  [1m[36mActiveRecord::SchemaMigration Create (0.8ms)[0m  [1m[32mINSERT INTO `schema_migrations` (`version`) VALUES ('20190607044227')[0m
  ↳ bin/rails:4
  [1m[35m (2.2ms)[0m  [1m[35mCOMMIT[0m
  ↳ bin/rails:4
  [1m[36mActiveRecord::InternalMetadata Load (1.2ms)[0m  [1m[34mSELECT  `ar_internal_metadata`.* FROM `ar_internal_metadata` WHERE `ar_internal_metadata`.`key` = 'environment' LIMIT 1[0m
  ↳ bin/rails:4
  [1m[35m (0.8ms)[0m  [1m[35mBEGIN[0m
  ↳ bin/rails:4
  [1m[36mActiveRecord::InternalMetadata Create (88.0ms)[0m  [1m[32mINSERT INTO `ar_internal_metadata` (`key`, `value`, `created_at`, `updated_at`) VALUES ('environment', 'development', '2019-06-07 09:21:40', '2019-06-07 09:21:40')[0m
  ↳ bin/rails:4
  [1m[35m (3.1ms)[0m  [1m[35mCOMMIT[0m
  ↳ bin/rails:4
  [1m[35m (13.4ms)[0m  [1m[34mSELECT RELEASE_LOCK('8142866602838226840')[0m
  ↳ bin/rails:4
  [1m[35m (1.0ms)[0m  [1m[34mSELECT `schema_migrations`.`version` FROM `schema_migrations` ORDER BY `schema_migrations`.`version` ASC[0m
  ↳ bin/rails:4
Started GET "/" for ::1 at 2019-06-07 15:52:33 +0630
  [1m[35m (0.9ms)[0m  [1m[35mSET NAMES utf8,  @@SESSION.sql_mode = CONCAT(CONCAT(@@sql_mode, ',STRICT_ALL_TABLES'), ',NO_AUTO_VALUE_ON_ZERO'),  @@SESSION.sql_auto_is_null = 0, @@SESSION.wait_timeout = 2147483[0m
  ↳ C:/Ruby25/lib/ruby/gems/2.5.0/gems/activerecord-5.2.3/lib/active_record/log_subscriber.rb:98
  [1m[35m (64.4ms)[0m  [1m[34mSELECT `schema_migrations`.`version` FROM `schema_migrations` ORDER BY `schema_migrations`.`version` ASC[0m
  ↳ C:/Ruby25/lib/ruby/gems/2.5.0/gems/activerecord-5.2.3/lib/active_record/log_subscriber.rb:98
Processing by Rails::WelcomeController#index as HTML
  Rendering C:/Ruby25/lib/ruby/gems/2.5.0/gems/railties-5.2.3/lib/rails/templates/rails/welcome/index.html.erb
  Rendered C:/Ruby25/lib/ruby/gems/2.5.0/gems/railties-5.2.3/lib/rails/templates/rails/welcome/index.html.erb (35.6ms)
Completed 200 OK in 612ms (Views: 361.1ms | ActiveRecord: 0.0ms)


  [1m[35m (0.9ms)[0m  [1m[35mSET NAMES utf8,  @@SESSION.sql_mode = CONCAT(CONCAT(@@sql_mode, ',STRICT_ALL_TABLES'), ',NO_AUTO_VALUE_ON_ZERO'),  @@SESSION.sql_auto_is_null = 0, @@SESSION.wait_timeout = 2147483[0m
  ↳ bin/rails:4
  [1m[35m (0.8ms)[0m  [1m[34mSELECT `schema_migrations`.`version` FROM `schema_migrations` ORDER BY `schema_migrations`.`version` ASC[0m
  ↳ bin/rails:4
  [1m[35m (1.5ms)[0m  [1m[35mBEGIN[0m
  ↳ db/seeds.rb:12
  [1m[36mHelloworldpost Create (2.3ms)[0m  [1m[32mINSERT INTO `helloworldposts` (`title`, `description`, `created_at`, `updated_at`) VALUES ('Lorem', 'Loream hould contain all the record creation needed to seed the database with its default values.\n# The data can then be loaded with the rails db:seed command or created alongside ', '2019-06-07 09:23:27', '2019-06-07 09:23:27')[0m
  ↳ db/seeds.rb:12
  [1m[35m (5.1ms)[0m  [1m[35mCOMMIT[0m
  ↳ db/seeds.rb:12
  [1m[35m (1.5ms)[0m  [1m[35mBEGIN[0m
  ↳ db/seeds.rb:12
  [1m[36mHelloworldpost Create (3.0ms)[0m  [1m[32mINSERT INTO `helloworldposts` (`title`, `description`, `created_at`, `updated_at`) VALUES ('Lorem', 'Loream hould contain all the record creation needed to seed the database with its default values.\n# The data can then be loaded with the rails db:seed command or created alongside ', '2019-06-07 09:23:27', '2019-06-07 09:23:27')[0m
  ↳ db/seeds.rb:12
  [1m[35m (3.5ms)[0m  [1m[35mCOMMIT[0m
  ↳ db/seeds.rb:12
  [1m[35m (1.3ms)[0m  [1m[35mBEGIN[0m
  ↳ db/seeds.rb:12
  [1m[36mHelloworldpost Create (1.8ms)[0m  [1m[32mINSERT INTO `helloworldposts` (`title`, `description`, `created_at`, `updated_at`) VALUES ('Lorem', 'Loream hould contain all the record creation needed to seed the database with its default values.\n# The data can then be loaded with the rails db:seed command or created alongside ', '2019-06-07 09:23:27', '2019-06-07 09:23:27')[0m
  ↳ db/seeds.rb:12
  [1m[35m (3.3ms)[0m  [1m[35mCOMMIT[0m
  ↳ db/seeds.rb:12
  [1m[35m (1.0ms)[0m  [1m[35mBEGIN[0m
  ↳ db/seeds.rb:12
  [1m[36mHelloworldpost Create (1.5ms)[0m  [1m[32mINSERT INTO `helloworldposts` (`title`, `description`, `created_at`, `updated_at`) VALUES ('Lorem', 'Loream hould contain all the record creation needed to seed the database with its default values.\n# The data can then be loaded with the rails db:seed command or created alongside ', '2019-06-07 09:23:27', '2019-06-07 09:23:27')[0m
  ↳ db/seeds.rb:12
  [1m[35m (11.1ms)[0m  [1m[35mCOMMIT[0m
  ↳ db/seeds.rb:12
  [1m[35m (2.2ms)[0m  [1m[35mBEGIN[0m
  ↳ db/seeds.rb:12
  [1m[36mHelloworldpost Create (2.5ms)[0m  [1m[32mINSERT INTO `helloworldposts` (`title`, `description`, `created_at`, `updated_at`) VALUES ('Lorem', 'Loream hould contain all the record creation needed to seed the database with its default values.\n# The data can then be loaded with the rails db:seed command or created alongside ', '2019-06-07 09:23:27', '2019-06-07 09:23:27')[0m
  ↳ db/seeds.rb:12
  [1m[35m (4.0ms)[0m  [1m[35mCOMMIT[0m
  ↳ db/seeds.rb:12
  [1m[35m (1.8ms)[0m  [1m[35mBEGIN[0m
  ↳ db/seeds.rb:12
  [1m[36mHelloworldpost Create (1.9ms)[0m  [1m[32mINSERT INTO `helloworldposts` (`title`, `description`, `created_at`, `updated_at`) VALUES ('Lorem', 'Loream hould contain all the record creation needed to seed the database with its default values.\n# The data can then be loaded with the rails db:seed command or created alongside ', '2019-06-07 09:23:27', '2019-06-07 09:23:27')[0m
  ↳ db/seeds.rb:12
  [1m[35m (3.8ms)[0m  [1m[35mCOMMIT[0m
  ↳ db/seeds.rb:12
  [1m[35m (1.6ms)[0m  [1m[35mBEGIN[0m
  ↳ db/seeds.rb:12
  [1m[36mHelloworldpost Create (1.8ms)[0m  [1m[32mINSERT INTO `helloworldposts` (`title`, `description`, `created_at`, `updated_at`) VALUES ('Lorem', 'Loream hould contain all the record creation needed to seed the database with its default values.\n# The data can then be loaded with the rails db:seed command or created alongside ', '2019-06-07 09:23:27', '2019-06-07 09:23:27')[0m
  ↳ db/seeds.rb:12
  [1m[35m (8.0ms)[0m  [1m[35mCOMMIT[0m
  ↳ db/seeds.rb:12
  [1m[35m (1.4ms)[0m  [1m[35mBEGIN[0m
  ↳ db/seeds.rb:12
  [1m[36mHelloworldpost Create (1.4ms)[0m  [1m[32mINSERT INTO `helloworldposts` (`title`, `description`, `created_at`, `updated_at`) VALUES ('Lorem', 'Loream hould contain all the record creation needed to seed the database with its default values.\n# The data can then be loaded with the rails db:seed command or created alongside ', '2019-06-07 09:23:27', '2019-06-07 09:23:27')[0m
  ↳ db/seeds.rb:12
  [1m[35m (3.4ms)[0m  [1m[35mCOMMIT[0m
  ↳ db/seeds.rb:12
  [1m[35m (1.0ms)[0m  [1m[35mBEGIN[0m
  ↳ db/seeds.rb:12
  [1m[36mHelloworldpost Create (1.2ms)[0m  [1m[32mINSERT INTO `helloworldposts` (`title`, `description`, `created_at`, `updated_at`) VALUES ('Lorem', 'Loream hould contain all the record creation needed to seed the database with its default values.\n# The data can then be loaded with the rails db:seed command or created alongside ', '2019-06-07 09:23:27', '2019-06-07 09:23:27')[0m
  ↳ db/seeds.rb:12
  [1m[35m (2.6ms)[0m  [1m[35mCOMMIT[0m
  ↳ db/seeds.rb:12
  [1m[35m (0.9ms)[0m  [1m[35mBEGIN[0m
  ↳ db/seeds.rb:12
  [1m[36mHelloworldpost Create (1.0ms)[0m  [1m[32mINSERT INTO `helloworldposts` (`title`, `description`, `created_at`, `updated_at`) VALUES ('Lorem', 'Loream hould contain all the record creation needed to seed the database with its default values.\n# The data can then be loaded with the rails db:seed command or created alongside ', '2019-06-07 09:23:27', '2019-06-07 09:23:27')[0m
  ↳ db/seeds.rb:12
  [1m[35m (2.6ms)[0m  [1m[35mCOMMIT[0m
  ↳ db/seeds.rb:12
  [1m[35m (0.7ms)[0m  [1m[35mBEGIN[0m
  ↳ db/seeds.rb:12
  [1m[36mHelloworldpost Create (0.9ms)[0m  [1m[32mINSERT INTO `helloworldposts` (`title`, `description`, `created_at`, `updated_at`) VALUES ('Lorem', 'Loream hould contain all the record creation needed to seed the database with its default values.\n# The data can then be loaded with the rails db:seed command or created alongside ', '2019-06-07 09:23:27', '2019-06-07 09:23:27')[0m
  ↳ db/seeds.rb:12
  [1m[35m (13.8ms)[0m  [1m[35mCOMMIT[0m
  ↳ db/seeds.rb:12
  [1m[35m (0.6ms)[0m  [1m[35mBEGIN[0m
  ↳ db/seeds.rb:12
  [1m[36mHelloworldpost Create (0.8ms)[0m  [1m[32mINSERT INTO `helloworldposts` (`title`, `description`, `created_at`, `updated_at`) VALUES ('Lorem', 'Loream hould contain all the record creation needed to seed the database with its default values.\n# The data can then be loaded with the rails db:seed command or created alongside ', '2019-06-07 09:23:27', '2019-06-07 09:23:27')[0m
  ↳ db/seeds.rb:12
  [1m[35m (1.9ms)[0m  [1m[35mCOMMIT[0m
  ↳ db/seeds.rb:12
  [1m[35m (0.5ms)[0m  [1m[35mBEGIN[0m
  ↳ db/seeds.rb:12
  [1m[36mHelloworldpost Create (0.7ms)[0m  [1m[32mINSERT INTO `helloworldposts` (`title`, `description`, `created_at`, `updated_at`) VALUES ('Lorem', 'Loream hould contain all the record creation needed to seed the database with its default values.\n# The data can then be loaded with the rails db:seed command or created alongside ', '2019-06-07 09:23:27', '2019-06-07 09:23:27')[0m
  ↳ db/seeds.rb:12
  [1m[35m (2.2ms)[0m  [1m[35mCOMMIT[0m
  ↳ db/seeds.rb:12
  [1m[35m (0.4ms)[0m  [1m[35mBEGIN[0m
  ↳ db/seeds.rb:12
  [1m[36mHelloworldpost Create (0.7ms)[0m  [1m[32mINSERT INTO `helloworldposts` (`title`, `description`, `created_at`, `updated_at`) VALUES ('Lorem', 'Loream hould contain all the record creation needed to seed the database with its default values.\n# The data can then be loaded with the rails db:seed command or created alongside ', '2019-06-07 09:23:27', '2019-06-07 09:23:27')[0m
  ↳ db/seeds.rb:12
  [1m[35m (1.6ms)[0m  [1m[35mCOMMIT[0m
  ↳ db/seeds.rb:12
  [1m[35m (0.4ms)[0m  [1m[35mBEGIN[0m
  ↳ db/seeds.rb:12
  [1m[36mHelloworldpost Create (0.6ms)[0m  [1m[32mINSERT INTO `helloworldposts` (`title`, `description`, `created_at`, `updated_at`) VALUES ('Lorem', 'Loream hould contain all the record creation needed to seed the database with its default values.\n# The data can then be loaded with the rails db:seed command or created alongside ', '2019-06-07 09:23:27', '2019-06-07 09:23:27')[0m
  ↳ db/seeds.rb:12
  [1m[35m (2.3ms)[0m  [1m[35mCOMMIT[0m
  ↳ db/seeds.rb:12
  [1m[35m (0.4ms)[0m  [1m[35mBEGIN[0m
  ↳ db/seeds.rb:12
  [1m[36mHelloworldpost Create (0.6ms)[0m  [1m[32mINSERT INTO `helloworldposts` (`title`, `description`, `created_at`, `updated_at`) VALUES ('Lorem', 'Loream hould contain all the record creation needed to seed the database with its default values.\n# The data can then be loaded with the rails db:seed command or created alongside ', '2019-06-07 09:23:27', '2019-06-07 09:23:27')[0m
  ↳ db/seeds.rb:12
  [1m[35m (1.7ms)[0m  [1m[35mCOMMIT[0m
  ↳ db/seeds.rb:12
  [1m[35m (0.4ms)[0m  [1m[35mBEGIN[0m
  ↳ db/seeds.rb:12
  [1m[36mHelloworldpost Create (0.8ms)[0m  [1m[32mINSERT INTO `helloworldposts` (`title`, `description`, `created_at`, `updated_at`) VALUES ('Lorem', 'Loream hould contain all the record creation needed to seed the database with its default values.\n# The data can then be loaded with the rails db:seed command or created alongside ', '2019-06-07 09:23:27', '2019-06-07 09:23:27')[0m
  ↳ db/seeds.rb:12
  [1m[35m (1.5ms)[0m  [1m[35mCOMMIT[0m
  ↳ db/seeds.rb:12
  [1m[35m (0.4ms)[0m  [1m[35mBEGIN[0m
  ↳ db/seeds.rb:12
  [1m[36mHelloworldpost Create (0.6ms)[0m  [1m[32mINSERT INTO `helloworldposts` (`title`, `description`, `created_at`, `updated_at`) VALUES ('Lorem', 'Loream hould contain all the record creation needed to seed the database with its default values.\n# The data can then be loaded with the rails db:seed command or created alongside ', '2019-06-07 09:23:27', '2019-06-07 09:23:27')[0m
  ↳ db/seeds.rb:12
  [1m[35m (11.0ms)[0m  [1m[35mCOMMIT[0m
  ↳ db/seeds.rb:12
  [1m[35m (0.4ms)[0m  [1m[35mBEGIN[0m
  ↳ db/seeds.rb:12
  [1m[36mHelloworldpost Create (0.5ms)[0m  [1m[32mINSERT INTO `helloworldposts` (`title`, `description`, `created_at`, `updated_at`) VALUES ('Lorem', 'Loream hould contain all the record creation needed to seed the database with its default values.\n# The data can then be loaded with the rails db:seed command or created alongside ', '2019-06-07 09:23:27', '2019-06-07 09:23:27')[0m
  ↳ db/seeds.rb:12
  [1m[35m (2.2ms)[0m  [1m[35mCOMMIT[0m
  ↳ db/seeds.rb:12
  [1m[35m (0.4ms)[0m  [1m[35mBEGIN[0m
  ↳ db/seeds.rb:12
  [1m[36mHelloworldpost Create (0.5ms)[0m  [1m[32mINSERT INTO `helloworldposts` (`title`, `description`, `created_at`, `updated_at`) VALUES ('Lorem', 'Loream hould contain all the record creation needed to seed the database with its default values.\n# The data can then be loaded with the rails db:seed command or created alongside ', '2019-06-07 09:23:27', '2019-06-07 09:23:27')[0m
  ↳ db/seeds.rb:12
  [1m[35m (1.5ms)[0m  [1m[35mCOMMIT[0m
  ↳ db/seeds.rb:12
Started GET "/" for ::1 at 2019-06-07 15:54:22 +0630
  [1m[35m (1.1ms)[0m  [1m[35mSET NAMES utf8,  @@SESSION.sql_mode = CONCAT(CONCAT(@@sql_mode, ',STRICT_ALL_TABLES'), ',NO_AUTO_VALUE_ON_ZERO'),  @@SESSION.sql_auto_is_null = 0, @@SESSION.wait_timeout = 2147483[0m
  ↳ C:/Ruby25/lib/ruby/gems/2.5.0/gems/activerecord-5.2.3/lib/active_record/log_subscriber.rb:98
  [1m[35m (0.9ms)[0m  [1m[34mSELECT `schema_migrations`.`version` FROM `schema_migrations` ORDER BY `schema_migrations`.`version` ASC[0m
  ↳ C:/Ruby25/lib/ruby/gems/2.5.0/gems/activerecord-5.2.3/lib/active_record/log_subscriber.rb:98
Processing by Rails::WelcomeController#index as HTML
  Rendering C:/Ruby25/lib/ruby/gems/2.5.0/gems/railties-5.2.3/lib/rails/templates/rails/welcome/index.html.erb
  Rendered C:/Ruby25/lib/ruby/gems/2.5.0/gems/railties-5.2.3/lib/rails/templates/rails/welcome/index.html.erb (34.0ms)
Completed 200 OK in 400ms (Views: 232.1ms | ActiveRecord: 0.0ms)


Started GET "/" for ::1 at 2019-06-07 15:54:40 +0630
Processing by Rails::WelcomeController#index as HTML
  Rendering C:/Ruby25/lib/ruby/gems/2.5.0/gems/railties-5.2.3/lib/rails/templates/rails/welcome/index.html.erb
  Rendered C:/Ruby25/lib/ruby/gems/2.5.0/gems/railties-5.2.3/lib/rails/templates/rails/welcome/index.html.erb (7.5ms)
Completed 200 OK in 321ms (Views: 166.8ms | ActiveRecord: 0.0ms)


Started GET "/helloworldposts" for ::1 at 2019-06-07 15:54:52 +0630
Processing by HelloworldpostsController#index as HTML
  Rendering helloworldposts/index.html.erb within layouts/application
  [1m[36mHelloworldpost Load (1.3ms)[0m  [1m[34mSELECT `helloworldposts`.* FROM `helloworldposts`[0m
  ↳ app/views/helloworldposts/index.html.erb:15
  Rendered helloworldposts/index.html.erb within layouts/application (86.7ms)
Completed 200 OK in 4054ms (Views: 3894.6ms | ActiveRecord: 12.2ms)


Started GET "/helloworldposts/1/edit" for ::1 at 2019-06-07 15:55:12 +0630
Processing by HelloworldpostsController#edit as HTML
  Parameters: {"id"=>"1"}
  [1m[36mHelloworldpost Load (1.3ms)[0m  [1m[34mSELECT  `helloworldposts`.* FROM `helloworldposts` WHERE `helloworldposts`.`id` = 1 LIMIT 1[0m
  ↳ app/controllers/helloworldposts_controller.rb:67
  Rendering helloworldposts/edit.html.erb within layouts/application
  Rendered helloworldposts/_form.html.erb (646.6ms)
  Rendered helloworldposts/edit.html.erb within layouts/application (779.4ms)
Completed 200 OK in 1565ms (Views: 1371.3ms | ActiveRecord: 1.3ms)


Started PATCH "/helloworldposts/1" for ::1 at 2019-06-07 15:55:19 +0630
Processing by HelloworldpostsController#update as HTML
  Parameters: {"utf8"=>"✓", "authenticity_token"=>"GZfN19e8i8oQ+T3TejC651QA+U79ORdtHr5CHcIUeYHT2HicbUcH3+9f+SKxm4DTgDyxiOTf+6Sl4xSl/Z2puA==", "helloworldpost"=>{"title"=>"Lorems", "description"=>"Loream hould contain all the record creation needed to seed the database with its default values.# The data can then be loaded with the rails db:seed command or created alongside "}, "commit"=>"Update Helloworldpost", "id"=>"1"}
  [1m[36mHelloworldpost Load (1.1ms)[0m  [1m[34mSELECT  `helloworldposts`.* FROM `helloworldposts` WHERE `helloworldposts`.`id` = 1 LIMIT 1[0m
  ↳ app/controllers/helloworldposts_controller.rb:67
  [1m[35m (1.1ms)[0m  [1m[35mBEGIN[0m
  ↳ app/controllers/helloworldposts_controller.rb:44
  [1m[36mHelloworldpost Update (57.4ms)[0m  [1m[33mUPDATE `helloworldposts` SET `title` = 'Lorems', `description` = 'Loream hould contain all the record creation needed to seed the database with its default values.# The data can then be loaded with the rails db:seed command or created alongside ', `updated_at` = '2019-06-07 09:25:20' WHERE `helloworldposts`.`id` = 1[0m
  ↳ app/controllers/helloworldposts_controller.rb:44
  [1m[35m (6.6ms)[0m  [1m[35mCOMMIT[0m
  ↳ app/controllers/helloworldposts_controller.rb:44
Redirected to http://localhost:3000/helloworldposts/1
Completed 302 Found in 126ms (ActiveRecord: 66.2ms)


Started GET "/helloworldposts/1" for ::1 at 2019-06-07 15:55:20 +0630
Processing by HelloworldpostsController#show as HTML
  Parameters: {"id"=>"1"}
  [1m[36mHelloworldpost Load (1.0ms)[0m  [1m[34mSELECT  `helloworldposts`.* FROM `helloworldposts` WHERE `helloworldposts`.`id` = 1 LIMIT 1[0m
  ↳ app/controllers/helloworldposts_controller.rb:67
  Rendering helloworldposts/show.html.erb within layouts/application
  Rendered helloworldposts/show.html.erb within layouts/application (1.9ms)
Completed 200 OK in 806ms (Views: 716.3ms | ActiveRecord: 1.0ms)


Started GET "/helloworldposts/" for 127.0.0.1 at 2019-06-07 15:59:08 +0630
  [1m[35m (1.2ms)[0m  [1m[35mSET NAMES utf8,  @@SESSION.sql_mode = CONCAT(CONCAT(@@sql_mode, ',STRICT_ALL_TABLES'), ',NO_AUTO_VALUE_ON_ZERO'),  @@SESSION.sql_auto_is_null = 0, @@SESSION.wait_timeout = 2147483[0m
  ↳ C:/Ruby25/lib/ruby/gems/2.5.0/gems/activerecord-5.2.3/lib/active_record/log_subscriber.rb:98
  [1m[35m (2.4ms)[0m  [1m[34mSELECT `schema_migrations`.`version` FROM `schema_migrations` ORDER BY `schema_migrations`.`version` ASC[0m
  ↳ C:/Ruby25/lib/ruby/gems/2.5.0/gems/activerecord-5.2.3/lib/active_record/log_subscriber.rb:98
Processing by HelloworldpostsController#index as HTML
  Rendering helloworldposts/index.html.erb within layouts/application
  [1m[36mHelloworldpost Load (2.0ms)[0m  [1m[34mSELECT `helloworldposts`.* FROM `helloworldposts`[0m
  ↳ app/views/helloworldposts/index.html.erb:15
  Rendered helloworldposts/index.html.erb within layouts/application (108.5ms)
Completed 200 OK in 2474ms (Views: 2309.7ms | ActiveRecord: 18.7ms)


Started GET "/helloworldposts/" for 127.0.0.1 at 2019-06-07 16:14:35 +0630
  [1m[35m (0.5ms)[0m  [1m[35mSET NAMES utf8,  @@SESSION.sql_mode = CONCAT(CONCAT(@@sql_mode, ',STRICT_ALL_TABLES'), ',NO_AUTO_VALUE_ON_ZERO'),  @@SESSION.sql_auto_is_null = 0, @@SESSION.wait_timeout = 2147483[0m
  ↳ C:/Ruby25/lib/ruby/gems/2.5.0/gems/activerecord-5.2.3/lib/active_record/log_subscriber.rb:98
Processing by HelloworldpostsController#index as HTML
  Rendering helloworldposts/index.html.erb within layouts/application
  [1m[36mHelloworldpost Load (1.1ms)[0m  [1m[34mSELECT `helloworldposts`.* FROM `helloworldposts`[0m
  ↳ app/views/helloworldposts/index.html.erb:15
  Rendered helloworldposts/index.html.erb within layouts/application (18.1ms)
Completed 200 OK in 521ms (Views: 452.6ms | ActiveRecord: 1.1ms)


Started GET "/" for ::1 at 2019-06-07 16:51:50 +0630
  [1m[35m (1.5ms)[0m  [1m[35mSET NAMES utf8,  @@SESSION.sql_mode = CONCAT(CONCAT(@@sql_mode, ',STRICT_ALL_TABLES'), ',NO_AUTO_VALUE_ON_ZERO'),  @@SESSION.sql_auto_is_null = 0, @@SESSION.wait_timeout = 2147483[0m
  ↳ C:/Ruby25/lib/ruby/gems/2.5.0/gems/activerecord-5.2.3/lib/active_record/log_subscriber.rb:98
  [1m[35m (1.0ms)[0m  [1m[34mSELECT `schema_migrations`.`version` FROM `schema_migrations` ORDER BY `schema_migrations`.`version` ASC[0m
  ↳ C:/Ruby25/lib/ruby/gems/2.5.0/gems/activerecord-5.2.3/lib/active_record/log_subscriber.rb:98
Processing by Rails::WelcomeController#index as HTML
  Rendering C:/Ruby25/lib/ruby/gems/2.5.0/gems/railties-5.2.3/lib/rails/templates/rails/welcome/index.html.erb
  Rendered C:/Ruby25/lib/ruby/gems/2.5.0/gems/railties-5.2.3/lib/rails/templates/rails/welcome/index.html.erb (18.8ms)
Completed 200 OK in 257ms (Views: 156.1ms | ActiveRecord: 0.0ms)


Started GET "/helloworldposts" for ::1 at 2019-06-07 16:52:38 +0630
Processing by HelloworldpostsController#index as HTML
  Rendering helloworldposts/index.html.erb within layouts/application
  [1m[36mHelloworldpost Load (0.9ms)[0m  [1m[34mSELECT `helloworldposts`.* FROM `helloworldposts`[0m
  ↳ app/views/helloworldposts/index.html.erb:14
  Rendered helloworldposts/index.html.erb within layouts/application (62.6ms)
Completed 200 OK in 1431ms (Views: 1335.3ms | ActiveRecord: 9.2ms)


Started GET "/" for ::1 at 2019-06-07 16:59:15 +0630
  [1m[35m (0.7ms)[0m  [1m[35mSET NAMES utf8,  @@SESSION.sql_mode = CONCAT(CONCAT(@@sql_mode, ',STRICT_ALL_TABLES'), ',NO_AUTO_VALUE_ON_ZERO'),  @@SESSION.sql_auto_is_null = 0, @@SESSION.wait_timeout = 2147483[0m
  ↳ C:/Ruby25/lib/ruby/gems/2.5.0/gems/activerecord-5.2.3/lib/active_record/log_subscriber.rb:98
  [1m[35m (0.7ms)[0m  [1m[34mSELECT `schema_migrations`.`version` FROM `schema_migrations` ORDER BY `schema_migrations`.`version` ASC[0m
  ↳ C:/Ruby25/lib/ruby/gems/2.5.0/gems/activerecord-5.2.3/lib/active_record/log_subscriber.rb:98
Processing by Rails::WelcomeController#index as HTML
  Rendering C:/Ruby25/lib/ruby/gems/2.5.0/gems/railties-5.2.3/lib/rails/templates/rails/welcome/index.html.erb
  Rendered C:/Ruby25/lib/ruby/gems/2.5.0/gems/railties-5.2.3/lib/rails/templates/rails/welcome/index.html.erb (14.5ms)
Completed 200 OK in 196ms (Views: 115.2ms | ActiveRecord: 0.0ms)


Started GET "/" for ::1 at 2019-06-10 08:20:47 +0630
  [1m[35m (1.0ms)[0m  [1m[35mSET NAMES utf8,  @@SESSION.sql_mode = CONCAT(CONCAT(@@sql_mode, ',STRICT_ALL_TABLES'), ',NO_AUTO_VALUE_ON_ZERO'),  @@SESSION.sql_auto_is_null = 0, @@SESSION.wait_timeout = 2147483[0m
  ↳ C:/Ruby25/lib/ruby/gems/2.5.0/gems/activerecord-5.2.3/lib/active_record/log_subscriber.rb:98
  [1m[35m (17.0ms)[0m  [1m[34mSELECT `schema_migrations`.`version` FROM `schema_migrations` ORDER BY `schema_migrations`.`version` ASC[0m
  ↳ C:/Ruby25/lib/ruby/gems/2.5.0/gems/activerecord-5.2.3/lib/active_record/log_subscriber.rb:98
Processing by Rails::WelcomeController#index as HTML
  Rendering C:/Ruby25/lib/ruby/gems/2.5.0/gems/railties-5.2.3/lib/rails/templates/rails/welcome/index.html.erb
  Rendered C:/Ruby25/lib/ruby/gems/2.5.0/gems/railties-5.2.3/lib/rails/templates/rails/welcome/index.html.erb (15.0ms)
Completed 200 OK in 187ms (Views: 109.2ms | ActiveRecord: 0.0ms)


Started GET "/" for ::1 at 2019-06-10 14:48:20 +0630
  [1m[35m (93.6ms)[0m  [1m[35mSET NAMES utf8,  @@SESSION.sql_mode = CONCAT(CONCAT(@@sql_mode, ',STRICT_ALL_TABLES'), ',NO_AUTO_VALUE_ON_ZERO'),  @@SESSION.sql_auto_is_null = 0, @@SESSION.wait_timeout = 2147483[0m
  ↳ C:/Ruby25/lib/ruby/gems/2.5.0/gems/activerecord-5.2.3/lib/active_record/log_subscriber.rb:98
  
ActiveRecord::PendingMigrationError (

Migrations are pending. To resolve this issue, run:

        bin/rails db:migrate RAILS_ENV=development

):
  
activerecord (5.2.3) lib/active_record/migration.rb:579:in `check_pending!'
activerecord (5.2.3) lib/active_record/migration.rb:556:in `call'
actionpack (5.2.3) lib/action_dispatch/middleware/callbacks.rb:28:in `block in call'
activesupport (5.2.3) lib/active_support/callbacks.rb:98:in `run_callbacks'
actionpack (5.2.3) lib/action_dispatch/middleware/callbacks.rb:26:in `call'
actionpack (5.2.3) lib/action_dispatch/middleware/executor.rb:14:in `call'
actionpack (5.2.3) lib/action_dispatch/middleware/debug_exceptions.rb:61:in `call'
web-console (3.7.0) lib/web_console/middleware.rb:135:in `call_app'
web-console (3.7.0) lib/web_console/middleware.rb:30:in `block in call'
web-console (3.7.0) lib/web_console/middleware.rb:20:in `catch'
web-console (3.7.0) lib/web_console/middleware.rb:20:in `call'
actionpack (5.2.3) lib/action_dispatch/middleware/show_exceptions.rb:33:in `call'
railties (5.2.3) lib/rails/rack/logger.rb:38:in `call_app'
railties (5.2.3) lib/rails/rack/logger.rb:26:in `block in call'
activesupport (5.2.3) lib/active_support/tagged_logging.rb:71:in `block in tagged'
activesupport (5.2.3) lib/active_support/tagged_logging.rb:28:in `tagged'
activesupport (5.2.3) lib/active_support/tagged_logging.rb:71:in `tagged'
railties (5.2.3) lib/rails/rack/logger.rb:26:in `call'
sprockets-rails (3.2.1) lib/sprockets/rails/quiet_assets.rb:13:in `call'
actionpack (5.2.3) lib/action_dispatch/middleware/remote_ip.rb:81:in `call'
actionpack (5.2.3) lib/action_dispatch/middleware/request_id.rb:27:in `call'
rack (2.0.7) lib/rack/method_override.rb:22:in `call'
rack (2.0.7) lib/rack/runtime.rb:22:in `call'
activesupport (5.2.3) lib/active_support/cache/strategy/local_cache_middleware.rb:29:in `call'
actionpack (5.2.3) lib/action_dispatch/middleware/executor.rb:14:in `call'
actionpack (5.2.3) lib/action_dispatch/middleware/static.rb:127:in `call'
rack (2.0.7) lib/rack/sendfile.rb:111:in `call'
railties (5.2.3) lib/rails/engine.rb:524:in `call'
puma (3.12.1) lib/puma/configuration.rb:227:in `call'
puma (3.12.1) lib/puma/server.rb:660:in `handle_request'
puma (3.12.1) lib/puma/server.rb:474:in `process_client'
puma (3.12.1) lib/puma/server.rb:334:in `block in run'
puma (3.12.1) lib/puma/thread_pool.rb:135:in `block in spawn_thread'
  [1m[35m (0.6ms)[0m  [1m[35mSET NAMES utf8,  @@SESSION.sql_mode = CONCAT(CONCAT(@@sql_mode, ',STRICT_ALL_TABLES'), ',NO_AUTO_VALUE_ON_ZERO'),  @@SESSION.sql_auto_is_null = 0, @@SESSION.wait_timeout = 2147483[0m
  ↳ bin/rails:4
  [1m[35m (174.9ms)[0m  [1m[35mCREATE TABLE `schema_migrations` (`version` varchar(255) NOT NULL PRIMARY KEY)[0m
  ↳ bin/rails:4
  [1m[35m (58.9ms)[0m  [1m[35mCREATE TABLE `ar_internal_metadata` (`key` varchar(255) NOT NULL PRIMARY KEY, `value` varchar(255), `created_at` datetime NOT NULL, `updated_at` datetime NOT NULL)[0m
  ↳ bin/rails:4
  [1m[35m (35.6ms)[0m  [1m[34mSELECT GET_LOCK('8142866602838226840', 0)[0m
  ↳ bin/rails:4
  [1m[35m (0.6ms)[0m  [1m[34mSELECT `schema_migrations`.`version` FROM `schema_migrations` ORDER BY `schema_migrations`.`version` ASC[0m
  ↳ bin/rails:4
Migrating to CreateHelloworldposts (20190607044227)
  [1m[35m (47.5ms)[0m  [1m[35mCREATE TABLE `helloworldposts` (`id` bigint NOT NULL AUTO_INCREMENT PRIMARY KEY, `title` varchar(255), `description` varchar(255), `created_at` datetime NOT NULL, `updated_at` datetime NOT NULL)[0m
  ↳ db/migrate/20190607044227_create_helloworldposts.rb:3
  [1m[35m (0.3ms)[0m  [1m[35mBEGIN[0m
  ↳ bin/rails:4
  [1m[36mActiveRecord::SchemaMigration Create (1.4ms)[0m  [1m[32mINSERT INTO `schema_migrations` (`version`) VALUES ('20190607044227')[0m
  ↳ bin/rails:4
  [1m[35m (1.7ms)[0m  [1m[35mCOMMIT[0m
  ↳ bin/rails:4
  [1m[36mActiveRecord::InternalMetadata Load (11.8ms)[0m  [1m[34mSELECT  `ar_internal_metadata`.* FROM `ar_internal_metadata` WHERE `ar_internal_metadata`.`key` = 'environment' LIMIT 1[0m
  ↳ bin/rails:4
  [1m[35m (0.4ms)[0m  [1m[35mBEGIN[0m
  ↳ bin/rails:4
  [1m[36mActiveRecord::InternalMetadata Create (1.2ms)[0m  [1m[32mINSERT INTO `ar_internal_metadata` (`key`, `value`, `created_at`, `updated_at`) VALUES ('environment', 'development', '2019-06-10 08:19:29', '2019-06-10 08:19:29')[0m
  ↳ bin/rails:4
  [1m[35m (1.5ms)[0m  [1m[35mCOMMIT[0m
  ↳ bin/rails:4
  [1m[35m (4.4ms)[0m  [1m[34mSELECT RELEASE_LOCK('8142866602838226840')[0m
  ↳ bin/rails:4
  [1m[35m (0.5ms)[0m  [1m[34mSELECT `schema_migrations`.`version` FROM `schema_migrations` ORDER BY `schema_migrations`.`version` ASC[0m
  ↳ bin/rails:4
Started GET "/" for ::1 at 2019-06-10 14:50:26 +0630
  [1m[35m (0.7ms)[0m  [1m[35mSET NAMES utf8,  @@SESSION.sql_mode = CONCAT(CONCAT(@@sql_mode, ',STRICT_ALL_TABLES'), ',NO_AUTO_VALUE_ON_ZERO'),  @@SESSION.sql_auto_is_null = 0, @@SESSION.wait_timeout = 2147483[0m
  ↳ C:/Ruby25/lib/ruby/gems/2.5.0/gems/activerecord-5.2.3/lib/active_record/log_subscriber.rb:98
  [1m[35m (0.5ms)[0m  [1m[34mSELECT `schema_migrations`.`version` FROM `schema_migrations` ORDER BY `schema_migrations`.`version` ASC[0m
  ↳ C:/Ruby25/lib/ruby/gems/2.5.0/gems/activerecord-5.2.3/lib/active_record/log_subscriber.rb:98
Processing by Rails::WelcomeController#index as HTML
  Rendering C:/Ruby25/lib/ruby/gems/2.5.0/gems/railties-5.2.3/lib/rails/templates/rails/welcome/index.html.erb
  Rendered C:/Ruby25/lib/ruby/gems/2.5.0/gems/railties-5.2.3/lib/rails/templates/rails/welcome/index.html.erb (13.9ms)
Completed 200 OK in 229ms (Views: 122.3ms | ActiveRecord: 0.0ms)


Started GET "/microposts" for ::1 at 2019-06-10 14:50:45 +0630
  
ActionController::RoutingError (No route matches [GET] "/microposts"):
  
actionpack (5.2.3) lib/action_dispatch/middleware/debug_exceptions.rb:65:in `call'
web-console (3.7.0) lib/web_console/middleware.rb:135:in `call_app'
web-console (3.7.0) lib/web_console/middleware.rb:30:in `block in call'
web-console (3.7.0) lib/web_console/middleware.rb:20:in `catch'
web-console (3.7.0) lib/web_console/middleware.rb:20:in `call'
actionpack (5.2.3) lib/action_dispatch/middleware/show_exceptions.rb:33:in `call'
railties (5.2.3) lib/rails/rack/logger.rb:38:in `call_app'
railties (5.2.3) lib/rails/rack/logger.rb:26:in `block in call'
activesupport (5.2.3) lib/active_support/tagged_logging.rb:71:in `block in tagged'
activesupport (5.2.3) lib/active_support/tagged_logging.rb:28:in `tagged'
activesupport (5.2.3) lib/active_support/tagged_logging.rb:71:in `tagged'
railties (5.2.3) lib/rails/rack/logger.rb:26:in `call'
sprockets-rails (3.2.1) lib/sprockets/rails/quiet_assets.rb:13:in `call'
actionpack (5.2.3) lib/action_dispatch/middleware/remote_ip.rb:81:in `call'
actionpack (5.2.3) lib/action_dispatch/middleware/request_id.rb:27:in `call'
rack (2.0.7) lib/rack/method_override.rb:22:in `call'
rack (2.0.7) lib/rack/runtime.rb:22:in `call'
activesupport (5.2.3) lib/active_support/cache/strategy/local_cache_middleware.rb:29:in `call'
actionpack (5.2.3) lib/action_dispatch/middleware/executor.rb:14:in `call'
actionpack (5.2.3) lib/action_dispatch/middleware/static.rb:127:in `call'
rack (2.0.7) lib/rack/sendfile.rb:111:in `call'
railties (5.2.3) lib/rails/engine.rb:524:in `call'
puma (3.12.1) lib/puma/configuration.rb:227:in `call'
puma (3.12.1) lib/puma/server.rb:660:in `handle_request'
puma (3.12.1) lib/puma/server.rb:474:in `process_client'
puma (3.12.1) lib/puma/server.rb:334:in `block in run'
puma (3.12.1) lib/puma/thread_pool.rb:135:in `block in spawn_thread'
Started GET "/helloworldpsots" for ::1 at 2019-06-10 14:51:13 +0630
  
ActionController::RoutingError (No route matches [GET] "/helloworldpsots"):
  
actionpack (5.2.3) lib/action_dispatch/middleware/debug_exceptions.rb:65:in `call'
web-console (3.7.0) lib/web_console/middleware.rb:135:in `call_app'
web-console (3.7.0) lib/web_console/middleware.rb:30:in `block in call'
web-console (3.7.0) lib/web_console/middleware.rb:20:in `catch'
web-console (3.7.0) lib/web_console/middleware.rb:20:in `call'
actionpack (5.2.3) lib/action_dispatch/middleware/show_exceptions.rb:33:in `call'
railties (5.2.3) lib/rails/rack/logger.rb:38:in `call_app'
railties (5.2.3) lib/rails/rack/logger.rb:26:in `block in call'
activesupport (5.2.3) lib/active_support/tagged_logging.rb:71:in `block in tagged'
activesupport (5.2.3) lib/active_support/tagged_logging.rb:28:in `tagged'
activesupport (5.2.3) lib/active_support/tagged_logging.rb:71:in `tagged'
railties (5.2.3) lib/rails/rack/logger.rb:26:in `call'
sprockets-rails (3.2.1) lib/sprockets/rails/quiet_assets.rb:13:in `call'
actionpack (5.2.3) lib/action_dispatch/middleware/remote_ip.rb:81:in `call'
actionpack (5.2.3) lib/action_dispatch/middleware/request_id.rb:27:in `call'
rack (2.0.7) lib/rack/method_override.rb:22:in `call'
rack (2.0.7) lib/rack/runtime.rb:22:in `call'
activesupport (5.2.3) lib/active_support/cache/strategy/local_cache_middleware.rb:29:in `call'
actionpack (5.2.3) lib/action_dispatch/middleware/executor.rb:14:in `call'
actionpack (5.2.3) lib/action_dispatch/middleware/static.rb:127:in `call'
rack (2.0.7) lib/rack/sendfile.rb:111:in `call'
railties (5.2.3) lib/rails/engine.rb:524:in `call'
puma (3.12.1) lib/puma/configuration.rb:227:in `call'
puma (3.12.1) lib/puma/server.rb:660:in `handle_request'
puma (3.12.1) lib/puma/server.rb:474:in `process_client'
puma (3.12.1) lib/puma/server.rb:334:in `block in run'
puma (3.12.1) lib/puma/thread_pool.rb:135:in `block in spawn_thread'
Started GET "/helloworldposts" for ::1 at 2019-06-10 14:51:27 +0630
Processing by HelloworldpostsController#index as HTML
  Rendering helloworldposts/index.html.erb within layouts/application
  [1m[36mHelloworldpost Load (2.4ms)[0m  [1m[34mSELECT `helloworldposts`.* FROM `helloworldposts`[0m
  ↳ app/views/helloworldposts/index.html.erb:14
  Rendered helloworldposts/index.html.erb within layouts/application (8.0ms)
Completed 200 OK in 1616ms (Views: 1546.0ms | ActiveRecord: 3.6ms)


Started GET "/helloworldposts/users" for ::1 at 2019-06-10 14:51:41 +0630
Processing by HelloworldpostsController#show as HTML
  Parameters: {"id"=>"users"}
  [1m[36mHelloworldpost Load (0.7ms)[0m  [1m[34mSELECT  `helloworldposts`.* FROM `helloworldposts` WHERE `helloworldposts`.`id` = 0 LIMIT 1[0m
  ↳ app/controllers/helloworldposts_controller.rb:67
Completed 404 Not Found in 23ms (ActiveRecord: 5.1ms)


  
ActiveRecord::RecordNotFound (Couldn't find Helloworldpost with 'id'=users):
  
app/controllers/helloworldposts_controller.rb:67:in `set_helloworldpost'
Started GET "/helloworldposts" for ::1 at 2019-06-10 14:52:46 +0630
Processing by HelloworldpostsController#index as HTML
  Rendering helloworldposts/index.html.erb within layouts/application
  [1m[36mHelloworldpost Load (0.7ms)[0m  [1m[34mSELECT `helloworldposts`.* FROM `helloworldposts`[0m
  ↳ app/views/helloworldposts/index.html.erb:14
  Rendered helloworldposts/index.html.erb within layouts/application (4.4ms)
Completed 200 OK in 395ms (Views: 342.4ms | ActiveRecord: 0.7ms)


Started GET "/helloworldposts/new" for ::1 at 2019-06-10 14:53:04 +0630
Processing by HelloworldpostsController#new as HTML
  Rendering helloworldposts/new.html.erb within layouts/application
  Rendered helloworldposts/_form.html.erb (146.2ms)
  Rendered helloworldposts/new.html.erb within layouts/application (205.2ms)
Completed 200 OK in 578ms (Views: 520.0ms | ActiveRecord: 0.0ms)


Started POST "/helloworldposts" for ::1 at 2019-06-10 14:58:02 +0630
Processing by HelloworldpostsController#create as HTML
  Parameters: {"utf8"=>"✓", "authenticity_token"=>"jVxKVorVXHfsPIB5BStrhhc4Sg0GbTfmz7RP6khQzI2mRRAsRe07KnhmPjFGzQ5l4PZGVHhtroqEfH+sM0Qy1w==", "helloworldpost"=>{"title"=>"Na Na", "description"=>"name for "}, "commit"=>"Create Helloworldpost"}
  [1m[35m (0.4ms)[0m  [1m[35mBEGIN[0m
  ↳ app/controllers/helloworldposts_controller.rb:30
  [1m[36mHelloworldpost Create (16.2ms)[0m  [1m[32mINSERT INTO `helloworldposts` (`title`, `description`, `created_at`, `updated_at`) VALUES ('Na Na', 'name for ', '2019-06-10 08:28:02', '2019-06-10 08:28:02')[0m
  ↳ app/controllers/helloworldposts_controller.rb:30
  [1m[35m (2.2ms)[0m  [1m[35mCOMMIT[0m
  ↳ app/controllers/helloworldposts_controller.rb:30
Redirected to http://localhost:3000/helloworldposts/1
Completed 302 Found in 29ms (ActiveRecord: 18.8ms)


Started GET "/helloworldposts/1" for ::1 at 2019-06-10 14:58:02 +0630
Processing by HelloworldpostsController#show as HTML
  Parameters: {"id"=>"1"}
  [1m[36mHelloworldpost Load (7.1ms)[0m  [1m[34mSELECT  `helloworldposts`.* FROM `helloworldposts` WHERE `helloworldposts`.`id` = 1 LIMIT 1[0m
  ↳ app/controllers/helloworldposts_controller.rb:67
  Rendering helloworldposts/show.html.erb within layouts/application
  Rendered helloworldposts/show.html.erb within layouts/application (1.2ms)
Completed 200 OK in 417ms (Views: 339.5ms | ActiveRecord: 7.1ms)


Started GET "/helloworldposts/1/edit" for ::1 at 2019-06-10 14:58:07 +0630
Processing by HelloworldpostsController#edit as HTML
  Parameters: {"id"=>"1"}
  [1m[36mHelloworldpost Load (0.6ms)[0m  [1m[34mSELECT  `helloworldposts`.* FROM `helloworldposts` WHERE `helloworldposts`.`id` = 1 LIMIT 1[0m
  ↳ app/controllers/helloworldposts_controller.rb:67
  Rendering helloworldposts/edit.html.erb within layouts/application
  Rendered helloworldposts/_form.html.erb (3.6ms)
  Rendered helloworldposts/edit.html.erb within layouts/application (56.9ms)
Completed 200 OK in 475ms (Views: 406.2ms | ActiveRecord: 0.6ms)


Started PATCH "/helloworldposts/1" for ::1 at 2019-06-10 14:58:12 +0630
Processing by HelloworldpostsController#update as HTML
  Parameters: {"utf8"=>"✓", "authenticity_token"=>"bWMKonKrxNslqVxQ+aUcMkxuP836actZQg0YCigDS5FiVNfkc9j9n4NNB4LqFgaMxHRJu/LY7b42+OZrlWgCbg==", "helloworldpost"=>{"title"=>"Na Na", "description"=>"name"}, "commit"=>"Update Helloworldpost", "id"=>"1"}
  [1m[36mHelloworldpost Load (0.7ms)[0m  [1m[34mSELECT  `helloworldposts`.* FROM `helloworldposts` WHERE `helloworldposts`.`id` = 1 LIMIT 1[0m
  ↳ app/controllers/helloworldposts_controller.rb:67
  [1m[35m (0.4ms)[0m  [1m[35mBEGIN[0m
  ↳ app/controllers/helloworldposts_controller.rb:44
  [1m[36mHelloworldpost Update (30.5ms)[0m  [1m[33mUPDATE `helloworldposts` SET `description` = 'name', `updated_at` = '2019-06-10 08:28:13' WHERE `helloworldposts`.`id` = 1[0m
  ↳ app/controllers/helloworldposts_controller.rb:44
  [1m[35m (15.4ms)[0m  [1m[35mCOMMIT[0m
  ↳ app/controllers/helloworldposts_controller.rb:44
Redirected to http://localhost:3000/helloworldposts/1
Completed 302 Found in 59ms (ActiveRecord: 47.0ms)


Started GET "/helloworldposts/1" for ::1 at 2019-06-10 14:58:13 +0630
Processing by HelloworldpostsController#show as HTML
  Parameters: {"id"=>"1"}
  [1m[36mHelloworldpost Load (0.7ms)[0m  [1m[34mSELECT  `helloworldposts`.* FROM `helloworldposts` WHERE `helloworldposts`.`id` = 1 LIMIT 1[0m
  ↳ app/controllers/helloworldposts_controller.rb:67
  Rendering helloworldposts/show.html.erb within layouts/application
  Rendered helloworldposts/show.html.erb within layouts/application (1.1ms)
Completed 200 OK in 585ms (Views: 528.7ms | ActiveRecord: 0.7ms)


